<?xml version="1.0" encoding="UTF-8"?>
<!-- Generated by org.testng.reporters.JUnitReportReporter -->
<testsuite hostname="GeethaPC" failures="0" tests="3" name="com.webshop.tests.RegisterpageTest" time="13.470" errors="0" timestamp="2025-03-11T16:20:56 EDT" skipped="0">
  <testcase classname="com.webshop.tests.RegisterpageTest" name="testvalidationmessage" time="5.507"/>
  <testcase classname="com.webshop.tests.RegisterpageTest" name="testregisterlandingpage" time="3.718"/>
  <testcase classname="com.webshop.tests.RegisterpageTest" name="testregisterform" time="4.245"/>
</testsuite> <!-- com.webshop.tests.RegisterpageTest -->
